<?xml version="1.0" encoding="UTF-8"?>
<!-- Generated by org.testng.reporters.JUnitXMLReporter -->
<testsuite ignored="0" hostname="DESKTOP-JTHKSFA" failures="0" tests="3" name="Default test" time="35.892" errors="0" timestamp="12 May 2020 04:32:39 GMT">
  <testcase classname="com.training.sanity.tests.LoginTests" name="firstTest" time="3.559"/>
  <testcase classname="com.training.sanity.tests.LoginTests" name="secondTest" time="4.375"/>
  <testcase classname="com.training.sanity.tests.LoginTests" name="thirdTest" time="3.128"/>
</testsuite> <!-- Default test -->
